#
# There is insufficient memory for the Java Runtime Environment to continue.
# Native memory allocation (malloc) failed to allocate 32744 bytes for Chunk::new
# Possible reasons:
#   The system is out of physical RAM or swap space
#   The process is running with CompressedOops enabled, and the Java Heap may be blocking the growth of the native heap
# Possible solutions:
#   Reduce memory load on the system
#   Increase physical memory or swap space
#   Check if swap backing store is full
#   Decrease Java heap size (-Xmx/-Xms)
#   Decrease number of Java threads
#   Decrease Java thread stack sizes (-Xss)
#   Set larger code cache with -XX:ReservedCodeCacheSize=
#   JVM is running with Zero Based Compressed Oops mode in which the Java heap is
#     placed in the first 32GB address space. The Java Heap base address is the
#     maximum limit for the native heap growth. Please use -XX:HeapBaseMinAddress
#     to set the Java Heap base and to place the Java Heap above 32GB virtual address.
# This output file may be truncated or incomplete.
#
#  Out of Memory Error (arena.cpp:184), pid=34516, tid=27636
#
# JRE version: OpenJDK Runtime Environment (19.0.2+7) (build 19.0.2+7-44)
# Java VM: OpenJDK 64-Bit Server VM (19.0.2+7-44, mixed mode, sharing, tiered, compressed oops, compressed class ptrs, g1 gc, windows-amd64)
# No core dump will be written. Minidumps are not enabled by default on client versions of Windows
#

---------------  S U M M A R Y ------------

Command Line: -javaagent:C:\Program Files\JetBrains\IntelliJ IDEA 2022.3.1\lib\idea_rt.jar=62954:C:\Program Files\JetBrains\IntelliJ IDEA 2022.3.1\bin -Dfile.encoding=UTF-8 -Dsun.stdout.encoding=UTF-8 -Dsun.stderr.encoding=UTF-8 com.finxis.cdm.crossproductapp.CdmTradingDemo

Host: Intel(R) Core(TM) i7-9750H CPU @ 2.60GHz, 12 cores, 15G,  Windows 10 , 64 bit Build 19041 (10.0.19041.3636)
Time: Wed May  1 11:02:03 2024 Eastern Daylight Time elapsed time: 0.148383 seconds (0d 0h 0m 0s)

---------------  T H R E A D  ---------------

Current thread (0x00000277a4e0ded0):  JavaThread "C2 CompilerThread0" daemon [_thread_in_native, id=27636, stack(0x000000e521800000,0x000000e521900000)]


Current CompileTask:
C2:    148  145       4       java.util.HashMap::putVal (300 bytes)

Stack: [0x000000e521800000,0x000000e521900000]
Native frames: (J=compiled Java code, j=interpreted, Vv=VM code, C=native code)
V  [jvm.dll+0x6ee21a]
V  [jvm.dll+0x85765e]
V  [jvm.dll+0x85904e]
V  [jvm.dll+0x859703]
V  [jvm.dll+0x28298f]
V  [jvm.dll+0xc9adf]
V  [jvm.dll+0xc9e65]
V  [jvm.dll+0x679f4e]
V  [jvm.dll+0x67a0ef]
V  [jvm.dll+0x67a0ef]
V  [jvm.dll+0x67fbfc]
V  [jvm.dll+0x680c0c]
V  [jvm.dll+0x67f064]
V  [jvm.dll+0x24c25e]
V  [jvm.dll+0x24b781]
V  [jvm.dll+0x1d6ce1]
V  [jvm.dll+0x25b25a]
V  [jvm.dll+0x2596e8]
V  [jvm.dll+0x807588]
V  [jvm.dll+0x80125a]
V  [jvm.dll+0x6ecf0b]
C  [ucrtbase.dll+0x21bb2]
C  [KERNEL32.DLL+0x17344]
C  [ntdll.dll+0x526b1]


---------------  P R O C E S S  ---------------

Threads class SMR info:
_java_thread_list=0x00000277a909d800, length=11, elements={
0x00000277ff6ae480, 0x00000277a4e02e30, 0x00000277a4e03c20, 0x00000277a4e06de0,
0x00000277a4e08a60, 0x00000277a4e0a3a0, 0x00000277a4e0d270, 0x00000277a4e0ded0,
0x00000277a4e11d40, 0x00000277a4e1c6d0, 0x00000277a4dd7310
}

Java Threads: ( => current thread )
  0x00000277ff6ae480 JavaThread "main" [_thread_in_Java, id=33580, stack(0x000000e520b00000,0x000000e520c00000)]
  0x00000277a4e02e30 JavaThread "Reference Handler" daemon [_thread_blocked, id=22592, stack(0x000000e521200000,0x000000e521300000)]
  0x00000277a4e03c20 JavaThread "Finalizer" daemon [_thread_blocked, id=33752, stack(0x000000e521300000,0x000000e521400000)]
  0x00000277a4e06de0 JavaThread "Signal Dispatcher" daemon [_thread_blocked, id=16440, stack(0x000000e521400000,0x000000e521500000)]
  0x00000277a4e08a60 JavaThread "Attach Listener" daemon [_thread_blocked, id=32900, stack(0x000000e521500000,0x000000e521600000)]
  0x00000277a4e0a3a0 JavaThread "Service Thread" daemon [_thread_blocked, id=32080, stack(0x000000e521600000,0x000000e521700000)]
  0x00000277a4e0d270 JavaThread "Monitor Deflation Thread" daemon [_thread_blocked, id=6028, stack(0x000000e521700000,0x000000e521800000)]
=>0x00000277a4e0ded0 JavaThread "C2 CompilerThread0" daemon [_thread_in_native, id=27636, stack(0x000000e521800000,0x000000e521900000)]
  0x00000277a4e11d40 JavaThread "C1 CompilerThread0" daemon [_thread_in_native, id=34156, stack(0x000000e521900000,0x000000e521a00000)]
  0x00000277a4e1c6d0 JavaThread "Sweeper thread" daemon [_thread_blocked, id=12468, stack(0x000000e521a00000,0x000000e521b00000)]
  0x00000277a4dd7310 JavaThread "Common-Cleaner" daemon [_thread_blocked, id=14392, stack(0x000000e521b00000,0x000000e521c00000)]

Other Threads:
  0x00000277a4de8dc0 VMThread "VM Thread" [stack: 0x000000e521100000,0x000000e521200000] [id=24420]
  0x00000277ff71e630 WorkerThread "GC Thread#0" [stack: 0x000000e520c00000,0x000000e520d00000] [id=20676]
  0x00000277ff72f440 ConcurrentGCThread "G1 Main Marker" [stack: 0x000000e520d00000,0x000000e520e00000] [id=7188]
  0x00000277ff72fe70 WorkerThread "G1 Conc#0" [stack: 0x000000e520e00000,0x000000e520f00000] [id=12008]
  0x00000277ff76ea70 ConcurrentGCThread "G1 Refine#0" [stack: 0x000000e520f00000,0x000000e521000000] [id=25888]
  0x00000277a4c9f7e0 ConcurrentGCThread "G1 Service" [stack: 0x000000e521000000,0x000000e521100000] [id=9168]

Threads with active compile tasks:
C2 CompilerThread0      180  145       4       java.util.HashMap::putVal (300 bytes)
C1 CompilerThread0      180  162       3       java.lang.AbstractStringBuilder::isLatin1 (19 bytes)

VM state: not at safepoint (normal execution)

VM Mutex/Monitor currently owned by a thread: None

Heap address: 0x0000000702e00000, size: 4050 MB, Compressed Oops mode: Zero based, Oop shift amount: 3

CDS archive(s) mapped at: [0x0000000800000000-0x0000000800c40000-0x0000000800c40000), size 12845056, SharedBaseAddress: 0x0000000800000000, ArchiveRelocationMode: 0.
Compressed class space mapped at: 0x0000000801000000-0x0000000841000000, reserved size: 1073741824
Narrow klass base: 0x0000000800000000, Narrow klass shift: 0, Narrow klass range: 0x100000000

GC Precious Log:
 CardTable entry size: 512
 Card Set container configuration: InlinePtr #cards 4 size 8 Array Of Cards #cards 16 size 48 Howl #buckets 8 coarsen threshold 3686 Howl Bitmap #cards 512 size 80 coarsen threshold 460 Card regions per heap region 1 cards per card region 4096
 CPUs: 12 total, 12 available
 Memory: 16193M
 Large Page Support: Disabled
 NUMA Support: Disabled
 Compressed Oops: Enabled (Zero based)
 Heap Region Size: 2M
 Heap Min Capacity: 8M
 Heap Initial Capacity: 254M
 Heap Max Capacity: 4050M
 Pre-touch: Disabled
 Parallel Workers: 10
 Concurrent Workers: 3
 Concurrent Refinement Workers: 10
 Periodic GC: Disabled

Heap:
 garbage-first heap   total 260096K, used 4096K [0x0000000702e00000, 0x0000000800000000)
  region size 2048K, 2 young (4096K), 0 survivors (0K)
 Metaspace       used 292K, committed 512K, reserved 1114112K
  class space    used 12K, committed 128K, reserved 1048576K

Heap Regions: E=young(eden), S=young(survivor), O=old, HS=humongous(starts), HC=humongous(continues), CS=collection set, F=free, OA=open archive, CA=closed archive, TAMS=top-at-mark-start (previous, next)
|   0|0x0000000702e00000, 0x0000000703000000, 0x0000000703000000|100%|HS|  |TAMS 0x0000000702e00000, 0x0000000702e00000| Complete 
|   1|0x0000000703000000, 0x0000000703000000, 0x0000000703200000|  0%| F|  |TAMS 0x0000000703000000, 0x0000000703000000| Untracked 
|   2|0x0000000703200000, 0x0000000703200000, 0x0000000703400000|  0%| F|  |TAMS 0x0000000703200000, 0x0000000703200000| Untracked 
|   3|0x0000000703400000, 0x0000000703400000, 0x0000000703600000|  0%| F|  |TAMS 0x0000000703400000, 0x0000000703400000| Untracked 
|   4|0x0000000703600000, 0x0000000703600000, 0x0000000703800000|  0%| F|  |TAMS 0x0000000703600000, 0x0000000703600000| Untracked 
|   5|0x0000000703800000, 0x0000000703800000, 0x0000000703a00000|  0%| F|  |TAMS 0x0000000703800000, 0x0000000703800000| Untracked 
|   6|0x0000000703a00000, 0x0000000703a00000, 0x0000000703c00000|  0%| F|  |TAMS 0x0000000703a00000, 0x0000000703a00000| Untracked 
|   7|0x0000000703c00000, 0x0000000703c00000, 0x0000000703e00000|  0%| F|  |TAMS 0x0000000703c00000, 0x0000000703c00000| Untracked 
|   8|0x0000000703e00000, 0x0000000703e00000, 0x0000000704000000|  0%| F|  |TAMS 0x0000000703e00000, 0x0000000703e00000| Untracked 
|   9|0x0000000704000000, 0x0000000704000000, 0x0000000704200000|  0%| F|  |TAMS 0x0000000704000000, 0x0000000704000000| Untracked 
|  10|0x0000000704200000, 0x0000000704200000, 0x0000000704400000|  0%| F|  |TAMS 0x0000000704200000, 0x0000000704200000| Untracked 
|  11|0x0000000704400000, 0x0000000704400000, 0x0000000704600000|  0%| F|  |TAMS 0x0000000704400000, 0x0000000704400000| Untracked 
|  12|0x0000000704600000, 0x0000000704600000, 0x0000000704800000|  0%| F|  |TAMS 0x0000000704600000, 0x0000000704600000| Untracked 
|  13|0x0000000704800000, 0x0000000704800000, 0x0000000704a00000|  0%| F|  |TAMS 0x0000000704800000, 0x0000000704800000| Untracked 
|  14|0x0000000704a00000, 0x0000000704a00000, 0x0000000704c00000|  0%| F|  |TAMS 0x0000000704a00000, 0x0000000704a00000| Untracked 
|  15|0x0000000704c00000, 0x0000000704c00000, 0x0000000704e00000|  0%| F|  |TAMS 0x0000000704c00000, 0x0000000704c00000| Untracked 
|  16|0x0000000704e00000, 0x0000000704e00000, 0x0000000705000000|  0%| F|  |TAMS 0x0000000704e00000, 0x0000000704e00000| Untracked 
|  17|0x0000000705000000, 0x0000000705000000, 0x0000000705200000|  0%| F|  |TAMS 0x0000000705000000, 0x0000000705000000| Untracked 
|  18|0x0000000705200000, 0x0000000705200000, 0x0000000705400000|  0%| F|  |TAMS 0x0000000705200000, 0x0000000705200000| Untracked 
|  19|0x0000000705400000, 0x0000000705400000, 0x0000000705600000|  0%| F|  |TAMS 0x0000000705400000, 0x0000000705400000| Untracked 
|  20|0x0000000705600000, 0x0000000705600000, 0x0000000705800000|  0%| F|  |TAMS 0x0000000705600000, 0x0000000705600000| Untracked 
|  21|0x0000000705800000, 0x0000000705800000, 0x0000000705a00000|  0%| F|  |TAMS 0x0000000705800000, 0x0000000705800000| Untracked 
|  22|0x0000000705a00000, 0x0000000705a00000, 0x0000000705c00000|  0%| F|  |TAMS 0x0000000705a00000, 0x0000000705a00000| Untracked 
|  23|0x0000000705c00000, 0x0000000705c00000, 0x0000000705e00000|  0%| F|  |TAMS 0x0000000705c00000, 0x0000000705c00000| Untracked 
|  24|0x0000000705e00000, 0x0000000705e00000, 0x0000000706000000|  0%| F|  |TAMS 0x0000000705e00000, 0x0000000705e00000| Untracked 
|  25|0x0000000706000000, 0x0000000706000000, 0x0000000706200000|  0%| F|  |TAMS 0x0000000706000000, 0x0000000706000000| Untracked 
|  26|0x0000000706200000, 0x0000000706200000, 0x0000000706400000|  0%| F|  |TAMS 0x0000000706200000, 0x0000000706200000| Untracked 
|  27|0x0000000706400000, 0x0000000706400000, 0x0000000706600000|  0%| F|  |TAMS 0x0000000706400000, 0x0000000706400000| Untracked 
|  28|0x0000000706600000, 0x0000000706600000, 0x0000000706800000|  0%| F|  |TAMS 0x0000000706600000, 0x0000000706600000| Untracked 
|  29|0x0000000706800000, 0x0000000706800000, 0x0000000706a00000|  0%| F|  |TAMS 0x0000000706800000, 0x0000000706800000| Untracked 
|  30|0x0000000706a00000, 0x0000000706a00000, 0x0000000706c00000|  0%| F|  |TAMS 0x0000000706a00000, 0x0000000706a00000| Untracked 
|  31|0x0000000706c00000, 0x0000000706c00000, 0x0000000706e00000|  0%| F|  |TAMS 0x0000000706c00000, 0x0000000706c00000| Untracked 
|  32|0x0000000706e00000, 0x0000000706e00000, 0x0000000707000000|  0%| F|  |TAMS 0x0000000706e00000, 0x0000000706e00000| Untracked 
|  33|0x0000000707000000, 0x0000000707000000, 0x0000000707200000|  0%| F|  |TAMS 0x0000000707000000, 0x0000000707000000| Untracked 
|  34|0x0000000707200000, 0x0000000707200000, 0x0000000707400000|  0%| F|  |TAMS 0x0000000707200000, 0x0000000707200000| Untracked 
|  35|0x0000000707400000, 0x0000000707400000, 0x0000000707600000|  0%| F|  |TAMS 0x0000000707400000, 0x0000000707400000| Untracked 
|  36|0x0000000707600000, 0x0000000707600000, 0x0000000707800000|  0%| F|  |TAMS 0x0000000707600000, 0x0000000707600000| Untracked 
|  37|0x0000000707800000, 0x0000000707800000, 0x0000000707a00000|  0%| F|  |TAMS 0x0000000707800000, 0x0000000707800000| Untracked 
|  38|0x0000000707a00000, 0x0000000707a00000, 0x0000000707c00000|  0%| F|  |TAMS 0x0000000707a00000, 0x0000000707a00000| Untracked 
|  39|0x0000000707c00000, 0x0000000707c00000, 0x0000000707e00000|  0%| F|  |TAMS 0x0000000707c00000, 0x0000000707c00000| Untracked 
|  40|0x0000000707e00000, 0x0000000707e00000, 0x0000000708000000|  0%| F|  |TAMS 0x0000000707e00000, 0x0000000707e00000| Untracked 
|  41|0x0000000708000000, 0x0000000708000000, 0x0000000708200000|  0%| F|  |TAMS 0x0000000708000000, 0x0000000708000000| Untracked 
|  42|0x0000000708200000, 0x0000000708200000, 0x0000000708400000|  0%| F|  |TAMS 0x0000000708200000, 0x0000000708200000| Untracked 
|  43|0x0000000708400000, 0x0000000708400000, 0x0000000708600000|  0%| F|  |TAMS 0x0000000708400000, 0x0000000708400000| Untracked 
|  44|0x0000000708600000, 0x0000000708600000, 0x0000000708800000|  0%| F|  |TAMS 0x0000000708600000, 0x0000000708600000| Untracked 
|  45|0x0000000708800000, 0x0000000708800000, 0x0000000708a00000|  0%| F|  |TAMS 0x0000000708800000, 0x0000000708800000| Untracked 
|  46|0x0000000708a00000, 0x0000000708a00000, 0x0000000708c00000|  0%| F|  |TAMS 0x0000000708a00000, 0x0000000708a00000| Untracked 
|  47|0x0000000708c00000, 0x0000000708c00000, 0x0000000708e00000|  0%| F|  |TAMS 0x0000000708c00000, 0x0000000708c00000| Untracked 
|  48|0x0000000708e00000, 0x0000000708e00000, 0x0000000709000000|  0%| F|  |TAMS 0x0000000708e00000, 0x0000000708e00000| Untracked 
|  49|0x0000000709000000, 0x0000000709000000, 0x0000000709200000|  0%| F|  |TAMS 0x0000000709000000, 0x0000000709000000| Untracked 
|  50|0x0000000709200000, 0x0000000709200000, 0x0000000709400000|  0%| F|  |TAMS 0x0000000709200000, 0x0000000709200000| Untracked 
|  51|0x0000000709400000, 0x0000000709400000, 0x0000000709600000|  0%| F|  |TAMS 0x0000000709400000, 0x0000000709400000| Untracked 
|  52|0x0000000709600000, 0x0000000709600000, 0x0000000709800000|  0%| F|  |TAMS 0x0000000709600000, 0x0000000709600000| Untracked 
|  53|0x0000000709800000, 0x0000000709800000, 0x0000000709a00000|  0%| F|  |TAMS 0x0000000709800000, 0x0000000709800000| Untracked 
|  54|0x0000000709a00000, 0x0000000709a00000, 0x0000000709c00000|  0%| F|  |TAMS 0x0000000709a00000, 0x0000000709a00000| Untracked 
|  55|0x0000000709c00000, 0x0000000709c00000, 0x0000000709e00000|  0%| F|  |TAMS 0x0000000709c00000, 0x0000000709c00000| Untracked 
|  56|0x0000000709e00000, 0x0000000709e00000, 0x000000070a000000|  0%| F|  |TAMS 0x0000000709e00000, 0x0000000709e00000| Untracked 
|  57|0x000000070a000000, 0x000000070a000000, 0x000000070a200000|  0%| F|  |TAMS 0x000000070a000000, 0x000000070a000000| Untracked 
|  58|0x000000070a200000, 0x000000070a200000, 0x000000070a400000|  0%| F|  |TAMS 0x000000070a200000, 0x000000070a200000| Untracked 
|  59|0x000000070a400000, 0x000000070a400000, 0x000000070a600000|  0%| F|  |TAMS 0x000000070a400000, 0x000000070a400000| Untracked 
|  60|0x000000070a600000, 0x000000070a600000, 0x000000070a800000|  0%| F|  |TAMS 0x000000070a600000, 0x000000070a600000| Untracked 
|  61|0x000000070a800000, 0x000000070a800000, 0x000000070aa00000|  0%| F|  |TAMS 0x000000070a800000, 0x000000070a800000| Untracked 
|  62|0x000000070aa00000, 0x000000070aa00000, 0x000000070ac00000|  0%| F|  |TAMS 0x000000070aa00000, 0x000000070aa00000| Untracked 
|  63|0x000000070ac00000, 0x000000070ac00000, 0x000000070ae00000|  0%| F|  |TAMS 0x000000070ac00000, 0x000000070ac00000| Untracked 
|  64|0x000000070ae00000, 0x000000070ae00000, 0x000000070b000000|  0%| F|  |TAMS 0x000000070ae00000, 0x000000070ae00000| Untracked 
|  65|0x000000070b000000, 0x000000070b000000, 0x000000070b200000|  0%| F|  |TAMS 0x000000070b000000, 0x000000070b000000| Untracked 
|  66|0x000000070b200000, 0x000000070b200000, 0x000000070b400000|  0%| F|  |TAMS 0x000000070b200000, 0x000000070b200000| Untracked 
|  67|0x000000070b400000, 0x000000070b400000, 0x000000070b600000|  0%| F|  |TAMS 0x000000070b400000, 0x000000070b400000| Untracked 
|  68|0x000000070b600000, 0x000000070b600000, 0x000000070b800000|  0%| F|  |TAMS 0x000000070b600000, 0x000000070b600000| Untracked 
|  69|0x000000070b800000, 0x000000070b800000, 0x000000070ba00000|  0%| F|  |TAMS 0x000000070b800000, 0x000000070b800000| Untracked 
|  70|0x000000070ba00000, 0x000000070ba00000, 0x000000070bc00000|  0%| F|  |TAMS 0x000000070ba00000, 0x000000070ba00000| Untracked 
|  71|0x000000070bc00000, 0x000000070bc00000, 0x000000070be00000|  0%| F|  |TAMS 0x000000070bc00000, 0x000000070bc00000| Untracked 
|  72|0x000000070be00000, 0x000000070be00000, 0x000000070c000000|  0%| F|  |TAMS 0x000000070be00000, 0x000000070be00000| Untracked 
|  73|0x000000070c000000, 0x000000070c000000, 0x000000070c200000|  0%| F|  |TAMS 0x000000070c000000, 0x000000070c000000| Untracked 
|  74|0x000000070c200000, 0x000000070c200000, 0x000000070c400000|  0%| F|  |TAMS 0x000000070c200000, 0x000000070c200000| Untracked 
|  75|0x000000070c400000, 0x000000070c400000, 0x000000070c600000|  0%| F|  |TAMS 0x000000070c400000, 0x000000070c400000| Untracked 
|  76|0x000000070c600000, 0x000000070c600000, 0x000000070c800000|  0%| F|  |TAMS 0x000000070c600000, 0x000000070c600000| Untracked 
|  77|0x000000070c800000, 0x000000070c800000, 0x000000070ca00000|  0%| F|  |TAMS 0x000000070c800000, 0x000000070c800000| Untracked 
|  78|0x000000070ca00000, 0x000000070ca00000, 0x000000070cc00000|  0%| F|  |TAMS 0x000000070ca00000, 0x000000070ca00000| Untracked 
|  79|0x000000070cc00000, 0x000000070cc00000, 0x000000070ce00000|  0%| F|  |TAMS 0x000000070cc00000, 0x000000070cc00000| Untracked 
|  80|0x000000070ce00000, 0x000000070ce00000, 0x000000070d000000|  0%| F|  |TAMS 0x000000070ce00000, 0x000000070ce00000| Untracked 
|  81|0x000000070d000000, 0x000000070d000000, 0x000000070d200000|  0%| F|  |TAMS 0x000000070d000000, 0x000000070d000000| Untracked 
|  82|0x000000070d200000, 0x000000070d200000, 0x000000070d400000|  0%| F|  |TAMS 0x000000070d200000, 0x000000070d200000| Untracked 
|  83|0x000000070d400000, 0x000000070d400000, 0x000000070d600000|  0%| F|  |TAMS 0x000000070d400000, 0x000000070d400000| Untracked 
|  84|0x000000070d600000, 0x000000070d600000, 0x000000070d800000|  0%| F|  |TAMS 0x000000070d600000, 0x000000070d600000| Untracked 
|  85|0x000000070d800000, 0x000000070d800000, 0x000000070da00000|  0%| F|  |TAMS 0x000000070d800000, 0x000000070d800000| Untracked 
|  86|0x000000070da00000, 0x000000070da00000, 0x000000070dc00000|  0%| F|  |TAMS 0x000000070da00000, 0x000000070da00000| Untracked 
|  87|0x000000070dc00000, 0x000000070dc00000, 0x000000070de00000|  0%| F|  |TAMS 0x000000070dc00000, 0x000000070dc00000| Untracked 
|  88|0x000000070de00000, 0x000000070de00000, 0x000000070e000000|  0%| F|  |TAMS 0x000000070de00000, 0x000000070de00000| Untracked 
|  89|0x000000070e000000, 0x000000070e000000, 0x000000070e200000|  0%| F|  |TAMS 0x000000070e000000, 0x000000070e000000| Untracked 
|  90|0x000000070e200000, 0x000000070e200000, 0x000000070e400000|  0%| F|  |TAMS 0x000000070e200000, 0x000000070e200000| Untracked 
|  91|0x000000070e400000, 0x000000070e400000, 0x000000070e600000|  0%| F|  |TAMS 0x000000070e400000, 0x000000070e400000| Untracked 
|  92|0x000000070e600000, 0x000000070e600000, 0x000000070e800000|  0%| F|  |TAMS 0x000000070e600000, 0x000000070e600000| Untracked 
|  93|0x000000070e800000, 0x000000070e800000, 0x000000070ea00000|  0%| F|  |TAMS 0x000000070e800000, 0x000000070e800000| Untracked 
|  94|0x000000070ea00000, 0x000000070ea00000, 0x000000070ec00000|  0%| F|  |TAMS 0x000000070ea00000, 0x000000070ea00000| Untracked 
|  95|0x000000070ec00000, 0x000000070ec00000, 0x000000070ee00000|  0%| F|  |TAMS 0x000000070ec00000, 0x000000070ec00000| Untracked 
|  96|0x000000070ee00000, 0x000000070ee00000, 0x000000070f000000|  0%| F|  |TAMS 0x000000070ee00000, 0x000000070ee00000| Untracked 
|  97|0x000000070f000000, 0x000000070f000000, 0x000000070f200000|  0%| F|  |TAMS 0x000000070f000000, 0x000000070f000000| Untracked 
|  98|0x000000070f200000, 0x000000070f200000, 0x000000070f400000|  0%| F|  |TAMS 0x000000070f200000, 0x000000070f200000| Untracked 
|  99|0x000000070f400000, 0x000000070f400000, 0x000000070f600000|  0%| F|  |TAMS 0x000000070f400000, 0x000000070f400000| Untracked 
| 100|0x000000070f600000, 0x000000070f600000, 0x000000070f800000|  0%| F|  |TAMS 0x000000070f600000, 0x000000070f600000| Untracked 
| 101|0x000000070f800000, 0x000000070f800000, 0x000000070fa00000|  0%| F|  |TAMS 0x000000070f800000, 0x000000070f800000| Untracked 
| 102|0x000000070fa00000, 0x000000070fa00000, 0x000000070fc00000|  0%| F|  |TAMS 0x000000070fa00000, 0x000000070fa00000| Untracked 
| 103|0x000000070fc00000, 0x000000070fc00000, 0x000000070fe00000|  0%| F|  |TAMS 0x000000070fc00000, 0x000000070fc00000| Untracked 
| 104|0x000000070fe00000, 0x000000070fe00000, 0x0000000710000000|  0%| F|  |TAMS 0x000000070fe00000, 0x000000070fe00000| Untracked 
| 105|0x0000000710000000, 0x0000000710000000, 0x0000000710200000|  0%| F|  |TAMS 0x0000000710000000, 0x0000000710000000| Untracked 
| 106|0x0000000710200000, 0x0000000710200000, 0x0000000710400000|  0%| F|  |TAMS 0x0000000710200000, 0x0000000710200000| Untracked 
| 107|0x0000000710400000, 0x0000000710400000, 0x0000000710600000|  0%| F|  |TAMS 0x0000000710400000, 0x0000000710400000| Untracked 
| 108|0x0000000710600000, 0x0000000710600000, 0x0000000710800000|  0%| F|  |TAMS 0x0000000710600000, 0x0000000710600000| Untracked 
| 109|0x0000000710800000, 0x0000000710800000, 0x0000000710a00000|  0%| F|  |TAMS 0x0000000710800000, 0x0000000710800000| Untracked 
| 110|0x0000000710a00000, 0x0000000710a00000, 0x0000000710c00000|  0%| F|  |TAMS 0x0000000710a00000, 0x0000000710a00000| Untracked 
| 111|0x0000000710c00000, 0x0000000710c00000, 0x0000000710e00000|  0%| F|  |TAMS 0x0000000710c00000, 0x0000000710c00000| Untracked 
| 112|0x0000000710e00000, 0x0000000710e00000, 0x0000000711000000|  0%| F|  |TAMS 0x0000000710e00000, 0x0000000710e00000| Untracked 
| 113|0x0000000711000000, 0x0000000711000000, 0x0000000711200000|  0%| F|  |TAMS 0x0000000711000000, 0x0000000711000000| Untracked 
| 114|0x0000000711200000, 0x0000000711200000, 0x0000000711400000|  0%| F|  |TAMS 0x0000000711200000, 0x0000000711200000| Untracked 
| 115|0x0000000711400000, 0x0000000711400000, 0x0000000711600000|  0%| F|  |TAMS 0x0000000711400000, 0x0000000711400000| Untracked 
| 116|0x0000000711600000, 0x0000000711600000, 0x0000000711800000|  0%| F|  |TAMS 0x0000000711600000, 0x0000000711600000| Untracked 
| 117|0x0000000711800000, 0x0000000711800000, 0x0000000711a00000|  0%| F|  |TAMS 0x0000000711800000, 0x0000000711800000| Untracked 
| 118|0x0000000711a00000, 0x0000000711a00000, 0x0000000711c00000|  0%| F|  |TAMS 0x0000000711a00000, 0x0000000711a00000| Untracked 
| 119|0x0000000711c00000, 0x0000000711c00000, 0x0000000711e00000|  0%| F|  |TAMS 0x0000000711c00000, 0x0000000711c00000| Untracked 
| 120|0x0000000711e00000, 0x0000000711e00000, 0x0000000712000000|  0%| F|  |TAMS 0x0000000711e00000, 0x0000000711e00000| Untracked 
| 121|0x0000000712000000, 0x0000000712000000, 0x0000000712200000|  0%| F|  |TAMS 0x0000000712000000, 0x0000000712000000| Untracked 
| 122|0x0000000712200000, 0x0000000712200000, 0x0000000712400000|  0%| F|  |TAMS 0x0000000712200000, 0x0000000712200000| Untracked 
| 123|0x0000000712400000, 0x0000000712400000, 0x0000000712600000|  0%| F|  |TAMS 0x0000000712400000, 0x0000000712400000| Untracked 
| 124|0x0000000712600000, 0x0000000712600000, 0x0000000712800000|  0%| F|  |TAMS 0x0000000712600000, 0x0000000712600000| Untracked 
| 125|0x0000000712800000, 0x0000000712906318, 0x0000000712a00000| 51%| E|  |TAMS 0x0000000712800000, 0x0000000712800000| Complete 
| 126|0x0000000712a00000, 0x0000000712c00000, 0x0000000712c00000|100%| E|CS|TAMS 0x0000000712a00000, 0x0000000712a00000| Complete 

Card table byte_map: [0x0000027799310000,0x0000027799b00000] _byte_map_base: 0x0000027795af9000

Marking Bits (Prev, Next): (CMBitMap*) 0x00000277ff71ec60, (CMBitMap*) 0x00000277ff71eca0
 Prev Bits: [0x000002779a2f0000, 0x000002779e238000)
 Next Bits: [0x000002779e240000, 0x00000277a2188000)

Polling page: 0x00000277ff770000

Metaspace:

Usage:
  Non-class:    280.06 KB used.
      Class:     12.90 KB used.
       Both:    292.96 KB used.

Virtual space:
  Non-class space:       64.00 MB reserved,     384.00 KB ( <1%) committed,  1 nodes.
      Class space:        1.00 GB reserved,     128.00 KB ( <1%) committed,  1 nodes.
             Both:        1.06 GB reserved,     512.00 KB ( <1%) committed. 

Chunk freelists:
   Non-Class:  4.00 MB
       Class:  3.75 MB
        Both:  7.74 MB

MaxMetaspaceSize: unlimited
CompressedClassSpaceSize: 1.00 GB
Initial GC threshold: 21.00 MB
Current GC threshold: 21.00 MB
CDS: on
MetaspaceReclaimPolicy: balanced
 - commit_granule_bytes: 65536.
 - commit_granule_words: 8192.
 - virtual_space_node_default_size: 8388608.
 - enlarge_chunks_in_place: 1.
 - new_chunks_are_fully_committed: 0.
 - uncommit_free_chunks: 1.
 - use_allocation_guard: 0.


Internal statistics:

num_allocs_failed_limit: 0.
num_arena_births: 6.
num_arena_deaths: 0.
num_vsnodes_births: 2.
num_vsnodes_deaths: 0.
num_space_committed: 8.
num_space_uncommitted: 0.
num_chunks_returned_to_freelist: 0.
num_chunks_taken_from_freelist: 7.
num_chunk_merges: 0.
num_chunk_splits: 4.
num_chunks_enlarged: 2.
num_inconsistent_stats: 0.

CodeHeap 'non-profiled nmethods': size=120000Kb used=55Kb max_used=55Kb free=119945Kb
 bounds [0x0000027790d70000, 0x0000027790fe0000, 0x00000277982a0000]
CodeHeap 'profiled nmethods': size=120000Kb used=157Kb max_used=157Kb free=119842Kb
 bounds [0x00000277892a0000, 0x0000027789510000, 0x00000277907d0000]
CodeHeap 'non-nmethods': size=5760Kb used=1183Kb max_used=1183Kb free=4576Kb
 bounds [0x00000277907d0000, 0x0000027790a40000, 0x0000027790d70000]
 total_blobs=533 nmethods=159 adapters=285
 compilation: enabled
              stopped_count=0, restarted_count=0
 full_count=0

Compilation events (20 events):
Event: 0.136 Thread 0x00000277a4e11d40 nmethod 148 0x0000027790d7ca10 code [0x0000027790d7cba0, 0x0000027790d7cc78]
Event: 0.136 Thread 0x00000277a4e11d40  153       3       java.util.ImmutableCollections$Set12::iterator (9 bytes)
Event: 0.136 Thread 0x00000277a4e11d40 nmethod 153 0x00000277892c6290 code [0x00000277892c6440, 0x00000277892c6738]
Event: 0.136 Thread 0x00000277a4e11d40  154       3       java.util.ImmutableCollections$Set12$1::<init> (32 bytes)
Event: 0.136 Thread 0x00000277a4e11d40 nmethod 154 0x00000277892c6810 code [0x00000277892c69c0, 0x00000277892c6bf8]
Event: 0.137 Thread 0x00000277a4e11d40  155       1       java.lang.module.ResolvedModule::configuration (5 bytes)
Event: 0.137 Thread 0x00000277a4e11d40 nmethod 155 0x0000027790d7cd10 code [0x0000027790d7cea0, 0x0000027790d7cf78]
Event: 0.137 Thread 0x00000277a4e11d40  156       1       java.lang.module.ModuleDescriptor::isOpen (5 bytes)
Event: 0.137 Thread 0x00000277a4e11d40 nmethod 156 0x0000027790d7d010 code [0x0000027790d7d1a0, 0x0000027790d7d278]
Event: 0.137 Thread 0x00000277a4e11d40  157       1       java.util.HashMap::size (5 bytes)
Event: 0.137 Thread 0x00000277a4e11d40 nmethod 157 0x0000027790d7d310 code [0x0000027790d7d4a0, 0x0000027790d7d558]
Event: 0.137 Thread 0x00000277a4e11d40  158       1       java.lang.module.ModuleDescriptor$Provides::service (5 bytes)
Event: 0.137 Thread 0x00000277a4e11d40 nmethod 158 0x0000027790d7d610 code [0x0000027790d7d7a0, 0x0000027790d7d878]
Event: 0.137 Thread 0x00000277a4e11d40  159       3       java.lang.Math::max (11 bytes)
Event: 0.137 Thread 0x00000277a4e11d40 nmethod 159 0x00000277892c6d10 code [0x00000277892c6ea0, 0x00000277892c6fd8]
Event: 0.142 Thread 0x00000277a4e11d40  160       1       java.net.URL::getFile (5 bytes)
Event: 0.142 Thread 0x00000277a4e11d40 nmethod 160 0x0000027790d7d910 code [0x0000027790d7daa0, 0x0000027790d7db78]
Event: 0.143 Thread 0x00000277a4e11d40  161       3       java.lang.String::indexOf (29 bytes)
Event: 0.143 Thread 0x00000277a4e11d40 nmethod 161 0x00000277892c7090 code [0x00000277892c7260, 0x00000277892c7518]
Event: 0.146 Thread 0x00000277a4e11d40  162       3       java.lang.AbstractStringBuilder::isLatin1 (19 bytes)

GC Heap History (0 events):
No events

Dll operation events (4 events):
Event: 0.009 Loaded shared library C:\Program Files\Java\openjdk-19.0.2\bin\java.dll
Event: 0.023 Loaded shared library C:\Program Files\Java\openjdk-19.0.2\bin\jsvml.dll
Event: 0.140 Loaded shared library C:\Program Files\Java\openjdk-19.0.2\bin\zip.dll
Event: 0.144 Loaded shared library C:\Program Files\Java\openjdk-19.0.2\bin\instrument.dll

Deoptimization events (0 events):
No events

Classes loaded (12 events):
Event: 0.036 Loading class sun/nio/cs/UTF_8$Encoder
Event: 0.036 Loading class sun/nio/cs/UTF_8$Encoder done
Event: 0.142 Loading class sun/instrument/InstrumentationImpl
Event: 0.142 Loading class java/lang/instrument/Instrumentation
Event: 0.142 Loading class java/lang/instrument/Instrumentation done
Event: 0.143 Loading class sun/instrument/InstrumentationImpl done
Event: 0.144 Loading class sun/instrument/TransformerManager
Event: 0.144 Loading class sun/instrument/TransformerManager done
Event: 0.144 Loading class sun/instrument/TransformerManager$TransformerInfo
Event: 0.144 Loading class sun/instrument/TransformerManager$TransformerInfo done
Event: 0.145 Loading class jdk/internal/loader/URLClassPath$FileLoader
Event: 0.145 Loading class jdk/internal/loader/URLClassPath$FileLoader done

Classes unloaded (0 events):
No events

Classes redefined (0 events):
No events

Internal exceptions (0 events):
No events

VM Operations (2 events):
Event: 0.125 Executing VM operation: HandshakeAllThreads
Event: 0.125 Executing VM operation: HandshakeAllThreads done

Events (11 events):
Event: 0.023 Thread 0x00000277ff6ae480 Thread added: 0x00000277ff6ae480
Event: 0.038 Thread 0x00000277a4e02e30 Thread added: 0x00000277a4e02e30
Event: 0.038 Thread 0x00000277a4e03c20 Thread added: 0x00000277a4e03c20
Event: 0.039 Thread 0x00000277a4e06de0 Thread added: 0x00000277a4e06de0
Event: 0.039 Thread 0x00000277a4e08a60 Thread added: 0x00000277a4e08a60
Event: 0.039 Thread 0x00000277a4e0a3a0 Thread added: 0x00000277a4e0a3a0
Event: 0.039 Thread 0x00000277a4e0d270 Thread added: 0x00000277a4e0d270
Event: 0.039 Thread 0x00000277a4e0ded0 Thread added: 0x00000277a4e0ded0
Event: 0.039 Thread 0x00000277a4e11d40 Thread added: 0x00000277a4e11d40
Event: 0.039 Thread 0x00000277a4e1c6d0 Thread added: 0x00000277a4e1c6d0
Event: 0.116 Thread 0x00000277a4dd7310 Thread added: 0x00000277a4dd7310


Dynamic libraries:
0x00007ff766c90000 - 0x00007ff766c9e000 	C:\Program Files\Java\openjdk-19.0.2\bin\java.exe
0x00007ff92d0f0000 - 0x00007ff92d2e8000 	C:\WINDOWS\SYSTEM32\ntdll.dll
0x00007ff92ce70000 - 0x00007ff92cf2d000 	C:\WINDOWS\System32\KERNEL32.DLL
0x00007ff92a9d0000 - 0x00007ff92acc6000 	C:\WINDOWS\System32\KERNELBASE.dll
0x00007ff92ae20000 - 0x00007ff92af20000 	C:\WINDOWS\System32\ucrtbase.dll
0x00007ff90ab80000 - 0x00007ff90ab9b000 	C:\Program Files\Java\openjdk-19.0.2\bin\VCRUNTIME140.dll
0x00007ff90ae10000 - 0x00007ff90ae27000 	C:\Program Files\Java\openjdk-19.0.2\bin\jli.dll
0x00007ff92bda0000 - 0x00007ff92bf3f000 	C:\WINDOWS\System32\USER32.dll
0x00007ff92ad40000 - 0x00007ff92ad62000 	C:\WINDOWS\System32\win32u.dll
0x00007ff91e460000 - 0x00007ff91e6fa000 	C:\WINDOWS\WinSxS\amd64_microsoft.windows.common-controls_6595b64144ccf1df_6.0.19041.3636_none_60b6a03d71f818d5\COMCTL32.dll
0x00007ff92ce30000 - 0x00007ff92ce5b000 	C:\WINDOWS\System32\GDI32.dll
0x00007ff92c990000 - 0x00007ff92ca2e000 	C:\WINDOWS\System32\msvcrt.dll
0x00007ff92a7a0000 - 0x00007ff92a8b7000 	C:\WINDOWS\System32\gdi32full.dll
0x00007ff92af20000 - 0x00007ff92afbd000 	C:\WINDOWS\System32\msvcp_win.dll
0x00007ff92bff0000 - 0x00007ff92c022000 	C:\WINDOWS\System32\IMM32.DLL
0x00007ff922060000 - 0x00007ff92206c000 	C:\Program Files\Java\openjdk-19.0.2\bin\vcruntime140_1.dll
0x00007ff8e4620000 - 0x00007ff8e46ae000 	C:\Program Files\Java\openjdk-19.0.2\bin\msvcp140.dll
0x00007ff855480000 - 0x00007ff856140000 	C:\Program Files\Java\openjdk-19.0.2\bin\server\jvm.dll
0x00007ff92ca30000 - 0x00007ff92cae0000 	C:\WINDOWS\System32\ADVAPI32.dll
0x00007ff92c890000 - 0x00007ff92c930000 	C:\WINDOWS\System32\sechost.dll
0x00007ff92cc70000 - 0x00007ff92cd93000 	C:\WINDOWS\System32\RPCRT4.dll
0x00007ff92a8c0000 - 0x00007ff92a8e7000 	C:\WINDOWS\System32\bcrypt.dll
0x00007ff9122f0000 - 0x00007ff9122f9000 	C:\WINDOWS\SYSTEM32\WSOCK32.dll
0x00007ff923100000 - 0x00007ff92310a000 	C:\WINDOWS\SYSTEM32\VERSION.dll
0x00007ff90a7a0000 - 0x00007ff90a7c7000 	C:\WINDOWS\SYSTEM32\WINMM.dll
0x00007ff92c820000 - 0x00007ff92c88b000 	C:\WINDOWS\System32\WS2_32.dll
0x00007ff928f80000 - 0x00007ff928f92000 	C:\WINDOWS\SYSTEM32\kernel.appcore.dll
0x00007ff917800000 - 0x00007ff91780a000 	C:\Program Files\Java\openjdk-19.0.2\bin\jimage.dll
0x00007ff928420000 - 0x00007ff928604000 	C:\WINDOWS\SYSTEM32\DBGHELP.DLL
0x00007ff91f420000 - 0x00007ff91f454000 	C:\WINDOWS\SYSTEM32\dbgcore.DLL
0x00007ff92a940000 - 0x00007ff92a9c2000 	C:\WINDOWS\System32\bcryptPrimitives.dll
0x00007ff9177d0000 - 0x00007ff9177de000 	C:\Program Files\Java\openjdk-19.0.2\bin\instrument.dll
0x00007ff90a8a0000 - 0x00007ff90a8c6000 	C:\Program Files\Java\openjdk-19.0.2\bin\java.dll
0x00007ff8e4470000 - 0x00007ff8e4547000 	C:\Program Files\Java\openjdk-19.0.2\bin\jsvml.dll
0x00007ff92b630000 - 0x00007ff92bd9b000 	C:\WINDOWS\System32\SHELL32.dll
0x00007ff9287d0000 - 0x00007ff928f6e000 	C:\WINDOWS\SYSTEM32\windows.storage.dll
0x00007ff92b2d0000 - 0x00007ff92b623000 	C:\WINDOWS\System32\combase.dll
0x00007ff92a1d0000 - 0x00007ff92a1fe000 	C:\WINDOWS\SYSTEM32\Wldp.dll
0x00007ff92c1c0000 - 0x00007ff92c28d000 	C:\WINDOWS\System32\OLEAUT32.dll
0x00007ff92c290000 - 0x00007ff92c33d000 	C:\WINDOWS\System32\SHCORE.dll
0x00007ff92c7c0000 - 0x00007ff92c815000 	C:\WINDOWS\System32\shlwapi.dll
0x00007ff92a6d0000 - 0x00007ff92a6f3000 	C:\WINDOWS\SYSTEM32\profapi.dll
0x00007ff908080000 - 0x00007ff908098000 	C:\Program Files\Java\openjdk-19.0.2\bin\zip.dll
0x00007ff90a880000 - 0x00007ff90a893000 	C:\Program Files\Java\openjdk-19.0.2\bin\net.dll
0x00007ff924f10000 - 0x00007ff92501a000 	C:\WINDOWS\SYSTEM32\WINHTTP.dll
0x00007ff929f30000 - 0x00007ff929f9a000 	C:\WINDOWS\system32\mswsock.dll
0x00007ff908170000 - 0x00007ff908186000 	C:\Program Files\Java\openjdk-19.0.2\bin\nio.dll

dbghelp: loaded successfully - version: 4.0.5 - missing functions: none
symbol engine: initialized successfully - sym options: 0x614 - pdb path: .;C:\Program Files\Java\openjdk-19.0.2\bin;C:\WINDOWS\SYSTEM32;C:\WINDOWS\WinSxS\amd64_microsoft.windows.common-controls_6595b64144ccf1df_6.0.19041.3636_none_60b6a03d71f818d5;C:\Program Files\Java\openjdk-19.0.2\bin\server

VM Arguments:
jvm_args: -javaagent:C:\Program Files\JetBrains\IntelliJ IDEA 2022.3.1\lib\idea_rt.jar=62954:C:\Program Files\JetBrains\IntelliJ IDEA 2022.3.1\bin -Dfile.encoding=UTF-8 -Dsun.stdout.encoding=UTF-8 -Dsun.stderr.encoding=UTF-8 
java_command: com.finxis.cdm.crossproductapp.CdmTradingDemo
java_class_path (initial): D:\IdeaProjects\finos\cross-product-cdm-example\target\classes;C:\Users\theal\.m2\repository\org\finos\cdm\cdm-java\5.8.0\cdm-java-5.8.0.jar;C:\Users\theal\.m2\repository\com\regnosys\rosetta\com.regnosys.rosetta.lib\9.7.0\com.regnosys.rosetta.lib-9.7.0.jar;C:\Users\theal\.m2\repository\org\eclipse\xtend\org.eclipse.xtend.lib\2.27.0\org.eclipse.xtend.lib-2.27.0.jar;C:\Users\theal\.m2\repository\org\eclipse\xtext\org.eclipse.xtext.xbase.lib\2.27.0\org.eclipse.xtext.xbase.lib-2.27.0.jar;C:\Users\theal\.m2\repository\org\eclipse\xtend\org.eclipse.xtend.lib.macro\2.27.0\org.eclipse.xtend.lib.macro-2.27.0.jar;C:\Users\theal\.m2\repository\com\google\inject\guice\5.0.1\guice-5.0.1.jar;C:\Users\theal\.m2\repository\javax\inject\javax.inject\1\javax.inject-1.jar;C:\Users\theal\.m2\repository\aopalliance\aopalliance\1.0\aopalliance-1.0.jar;C:\Users\theal\.m2\repository\org\apache\commons\commons-lang3\3.14.0\commons-lang3-3.14.0.jar;C:\Users\theal\.m2\repository\com\fasterxml\jackson\core\jackson-databind\2.16.0\jackson-databind-2.16.0.jar;C:\Users\theal\.m2\repository\org\slf4j\log4j-over-slf4j\2.0.9\log4j-over-slf4j-2.0.9.jar;C:\Users\theal\.m2\repository\com\regnosys\rosetta-common\10.15.3\rosetta-common-10.15.3.jar;C:\Users\theal\.m2\repository\org\reflections\reflections\0.9.11\reflections-0.9.11.jar;C:\Users\theal\.m2\repository\org\javassist\javassist\3.21.0-GA\javassist-3.21.0-GA.jar;C:\Users\theal\.m2\repository\com\fasterxml\jackson\core\jackson-annotations\2.15.2\jackson-annotations-2.15.2.jar;C:\Users\theal\.m2\repository\com\fasterxml\jackson\core\jackson-core\2.15.2\jackson-core-2.15.2.jar;C:\Users\theal\.m2\repository\com\fasterxml\jackson\module\jackson-module-parameter-names\2.15.2\jackson-module-parameter-names-2.15.2.jar;C:\Users\theal\.m2\repository\com\fasterxml\jackson\module\jackson-module-blackbird\2.15.2\jackson-module-blackbird-2.15.2.jar;C:\Users\theal\.m2\repository\com\fasterxml\jackson\datatype\jackson-datatype-jdk8\2.15.2\jackson-datatype-jdk8-2.15.2.jar;C:\Users\theal\.m2\repository\com\fasterxml\jackson\datatype\jackson-datatype-jsr310\2.15.2\jackson-datatype-jsr310-2.15.2.jar;C:\Users\theal\.m2\repository\com\fasterxml\jackson\datatype\jackson-datatype-guava\2.15.2\jackson-datatype-guava-2.15.2.jar;C:\Users\theal\.m2\repository\com\fasterxml\jackson\datatype\jackson-datatype-joda\2.15.2\jackson-datatype-joda-2.15.2.jar;C:\Users\theal\.m2\repository\joda-time\joda-time\2.10.14\joda-time-2.10.14.jar;C:\Users\theal\.m2\repository\com\fasterxml\jackson\dataformat\jackson-dataformat-yaml\2.15.2\jackson-dataformat-yaml-2.15.2.jar;C:\Users\theal\.m2\repository\org\yaml\snakeyaml\2.0\snakeyaml-2.0.jar;C:\Users\theal\.m2\repository\com\fasterxml\jackson\dataformat\jackson-dataformat-xml\2.15.2\jackson-dataformat-xml-2.15.2.jar;C:\Users\theal\.m2\repository\org\codehaus\woodstox\stax2-api\4.2.1\stax2-api-4.2.1.jar;C:\Users\theal\.m2\repository\com\fasterxml\woodstox\woodstox-core\6.5.1\woodstox-core-6.5.1.jar;C:\Users\theal\.m2\repository\com\google\guava\guava\32.0.1-jre\guava-32.0.1-jre.jar;C:\Users\theal\.m2\repository\com\google\guava\failureaccess\1.0.1\failureaccess-1.0.1.jar;C:\Users\theal\.m2\repository\com\google\guava\listenablefuture\9999.0-empty-to-avoid-conflict-with-guava\listenablefuture-9999.0-empty-to-avoid-conflict-with-guava.jar;C:\Users\theal\.m2\repository\com\google\code\findbugs\jsr305\3.0.2\jsr305-3.0.2.jar;C:\Users\theal\.m2\repository\org\checkerframework\checker-qual\3.33.0\checker-qual-3.33.0.jar;C:\Users\theal\.m2\repository\com\google\errorprone\error_prone_annotations\2.18.0\error_prone_annotations-2.18.0.jar;C:\Users\theal\.m2\repository\com\google\j2objc\j2objc-annotations\2.8\j2objc-annotations-2.8.jar;C:\Users\theal\.m2\repository\org\slf4j\slf4j-api\2.0.7\slf4j-api-2.0.7.jar;C:\Users\theal\.m2\repository\commons-io\commons-io\2.11.0\commons-io-2.11.0.jar;C:\Users\theal\.m2\repository\com\opengamma\strata\strata-basics\1.7.0\strata-basics-1.7.0.jar;C:\Users\theal\.m2\repository\com\opengamma\strata\strata-collect\1.7.0\strata-collect-1.7.0.jar;C:\Users\theal\.m2\repository\org\joda\joda-beans\2.1\joda-beans-2.1.jar;C:\Users\theal\.m2\repository\org\joda\joda-convert\2.0\joda-convert-2.0.jar;C:\Users\theal\.m2\repository\org\jsoup\jsoup\1.15.3\jsoup-1.15.3.jar;C:\Users\theal\.m2\repository\com\regnosys\rosetta\com.regnosys.rosetta\9.7.0\com.regnosys.rosetta-9.7.0.jar;C:\Users\theal\.m2\repository\org\eclipse\emf\org.eclipse.emf.ecore\2.20.0\org.eclipse.emf.ecore-2.20.0.jar;C:\Users\theal\.m2\repository\org\eclipse\emf\org.eclipse.emf.common\2.30.0\org.eclipse.emf.common-2.30.0.jar;C:\Users\theal\.m2\repository\org\eclipse\xtext\org.eclipse.xtext\2.27.0\org.eclipse.xtext-2.27.0.jar;C:\Users\theal\.m2\repository\org\eclipse\xtext\org.eclipse.xtext.util\2.27.0\org.eclipse.xtext.util-2.27.0.jar;C:\Users\theal\.m2\repository\org\eclipse\platform\org.eclipse.equinox.common\3.13.0\org.eclipse.equinox.common-3.13.0.jar;C:\Users\theal\.m2\repository\org\eclipse\platform\org.eclipse.osgi\3.16.0\org.eclipse.osgi-3.16.0.jar;C:\Users\theal\.m2\repository\org\eclipse\emf\org.eclipse.emf.ecore.xmi\2.16.0\org.eclipse.emf.ecore.xmi-2.16.0.jar;C:\Users\theal\.m2\repository\org\antlr\antlr-runtime\3.2\antlr-runtime-3.2.jar;C:\Users\theal\.m2\repository\org\eclipse\xsemantics\org.eclipse.xsemantics.runtime\1.22.0\org.eclipse.xsemantics.runtime-1.22.0.jar;C:\Users\theal\.m2\repository\org\eclipse\emf\org.eclipse.emf.ecore.xcore.lib\1.6.0\org.eclipse.emf.ecore.xcore.lib-1.6.0.jar;C:\Users\theal\.m2\repository\org\apache\commons\commons-text\1.11.0\commons-text-1.11.0.jar
Launcher Type: SUN_STANDARD

[Global flags]
     intx CICompilerCount                          = 4                                         {product} {ergonomic}
     uint ConcGCThreads                            = 3                                         {product} {ergonomic}
     uint G1ConcRefinementThreads                  = 10                                        {product} {ergonomic}
   size_t G1HeapRegionSize                         = 2097152                                   {product} {ergonomic}
    uintx GCDrainStackTargetSize                   = 64                                        {product} {ergonomic}
   size_t InitialHeapSize                          = 266338304                                 {product} {ergonomic}
   size_t MarkStackSize                            = 4194304                                   {product} {ergonomic}
   size_t MaxHeapSize                              = 4246732800                                {product} {ergonomic}
   size_t MaxNewSize                               = 2548039680                                {product} {ergonomic}
   size_t MinHeapDeltaBytes                        = 2097152                                   {product} {ergonomic}
   size_t MinHeapSize                              = 8388608                                   {product} {ergonomic}
    uintx NonNMethodCodeHeapSize                   = 5839372                                {pd product} {ergonomic}
    uintx NonProfiledCodeHeapSize                  = 122909434                              {pd product} {ergonomic}
    uintx ProfiledCodeHeapSize                     = 122909434                              {pd product} {ergonomic}
    uintx ReservedCodeCacheSize                    = 251658240                              {pd product} {ergonomic}
     bool SegmentedCodeCache                       = true                                      {product} {ergonomic}
   size_t SoftMaxHeapSize                          = 4246732800                             {manageable} {ergonomic}
     bool UseCompressedClassPointers               = true                           {product lp64_product} {ergonomic}
     bool UseCompressedOops                        = true                           {product lp64_product} {ergonomic}
     bool UseG1GC                                  = true                                      {product} {ergonomic}
     bool UseLargePagesIndividualAllocation        = false                                  {pd product} {ergonomic}

Logging:
Log output configuration:
 #0: stdout all=warning uptime,level,tags foldmultilines=false
 #1: stderr all=off uptime,level,tags foldmultilines=false

Environment Variables:
JAVA_HOME=C:\Program Files\Java\jdk-17.0.4.1
PATH=C:\Python39\Scripts\;C:\Python39\;C:\Windows\system32;C:\Windows;C:\Windows\System32\Wbem;C:\Windows\System32\WindowsPowerShell\v1.0\;C:\Program Files\Java\jdk-17.0.4.1\bin;C:\Windows\System32\OpenSSH\;C:\Program Files (x86)\NVIDIA Corporation\PhysX\Common;C:\Program Files\NVIDIA Corporation\NVIDIA NvDLISR;C:\WINDOWS\system32;C:\WINDOWS;C:\WINDOWS\System32\Wbem;C:\WINDOWS\System32\WindowsPowerShell\v1.0\;C:\WINDOWS\System32\OpenSSH\;C:\Program Files\Microsoft SQL Server\130\Tools\Binn\;C:\php;C:\ProgramData\chocolatey\bin;C:\maven\apache-maven-3.9.6\bin;C:\jinx\jinx-2.3.1;C:\Program Files\dotnet\;C:\Program Files\Microsoft SQL Server\Client SDK\ODBC\170\Tools\Binn\;c:\Program Files (x86)\Microsoft Visual Studio\2019\Community\Common7\IDE;C:\Users\theal\AppData\Local\Coursier\data\bin;D:\Program Files\PuTTY\;D:\Program Files\Geth\;C:\ProgramData\ComposerSetup\bin;C:\Program Files\Git\cmd;c:\Program Files (x86)\Microsoft SDKs\Windows\v10.0A\bin\NETFX 4.8 Tools\x64;C:\Gradle\gradle-8.4\bin;C:\Program Files\nodejs\;C:\Program Files\Docker\Docker\resources\bin;C:\ApacheAnt\apache-ant-1.10.14\bin;C:\Program Files\Java\jdk-17.0.4.1\bin;C:\Program Files\Git\bin;C:\Users\theal\AppData\Local\Microsoft\WindowsApps;C:\Users\theal\.dotnet\tools;C:\Users\theal\AppData\Local\GitHubDesktop\bin;C:\Users\theal\AppData\Local\Coursier\data\bin;D:\Program Files\Geth;C:\Users\theal\AppData\Roaming\Composer\vendor\bin;C:\Program Files\JetBrains\IntelliJ IDEA 2022.3.1\bin;;C:\ApacheTomEE9;;C:\Users\theal\AppData\Local\Programs\Microsoft VS Code\bin;C:\Users\theal\AppData\Roaming\npm
USERNAME=theal
OS=Windows_NT
PROCESSOR_IDENTIFIER=Intel64 Family 6 Model 158 Stepping 10, GenuineIntel
TMP=C:\Users\theal\AppData\Local\Temp
TEMP=C:\Users\theal\AppData\Local\Temp



---------------  S Y S T E M  ---------------

OS:
 Windows 10 , 64 bit Build 19041 (10.0.19041.3636)
OS uptime: 6 days 20:03 hours
Hyper-V role detected

CPU: total 12 (initial active 12) (6 cores per cpu, 2 threads per core) family 6 model 158 stepping 10 microcode 0xde, cx8, cmov, fxsr, ht, mmx, 3dnowpref, sse, sse2, sse3, ssse3, sse4.1, sse4.2, popcnt, lzcnt, tsc, tscinvbit, avx, avx2, aes, erms, clmul, bmi1, bmi2, adx, fma, vzeroupper, clflush, clflushopt, hv, rdtscp

Memory: 4k page, system-wide physical 16193M (819M free)
TotalPageFile size 26250M (AvailPageFile size 2M)
current process WorkingSet (physical memory assigned to process): 33M, peak: 33M
current process commit charge ("private bytes"): 346M, peak: 346M

vm_info: OpenJDK 64-Bit Server VM (19.0.2+7-44) for windows-amd64 JRE (19.0.2+7-44), built on 2022-11-30T18:02:09Z by "mach5one" with MS VC++ 17.1 (VS2022)

END.
