#
# There is insufficient memory for the Java Runtime Environment to continue.
# Native memory allocation (mmap) failed to map 266338304 bytes for G1 virtual space
# Possible reasons:
#   The system is out of physical RAM or swap space
#   The process is running with CompressedOops enabled, and the Java Heap may be blocking the growth of the native heap
# Possible solutions:
#   Reduce memory load on the system
#   Increase physical memory or swap space
#   Check if swap backing store is full
#   Decrease Java heap size (-Xmx/-Xms)
#   Decrease number of Java threads
#   Decrease Java thread stack sizes (-Xss)
#   Set larger code cache with -XX:ReservedCodeCacheSize=
#   JVM is running with Zero Based Compressed Oops mode in which the Java heap is
#     placed in the first 32GB address space. The Java Heap base address is the
#     maximum limit for the native heap growth. Please use -XX:HeapBaseMinAddress
#     to set the Java Heap base and to place the Java Heap above 32GB virtual address.
# This output file may be truncated or incomplete.
#
#  Out of Memory Error (os_windows.cpp:3536), pid=5000, tid=2896
#
# JRE version:  (19.0.2+7) (build )
# Java VM: OpenJDK 64-Bit Server VM (19.0.2+7-44, mixed mode, sharing, tiered, compressed oops, compressed class ptrs, g1 gc, windows-amd64)
# No core dump will be written. Minidumps are not enabled by default on client versions of Windows
#

---------------  S U M M A R Y ------------

Command Line: -agentlib:jdwp=transport=dt_socket,address=127.0.0.1:64110,suspend=y,server=n -javaagent:C:\Users\theal\AppData\Local\JetBrains\IntelliJIdea2022.3\captureAgent\debugger-agent.jar -Dfile.encoding=UTF-8 -Dsun.stdout.encoding=UTF-8 -Dsun.stderr.encoding=UTF-8 com.finxis.cdm.crossproductapp.CdmTradingDemo

Host: Intel(R) Core(TM) i7-9750H CPU @ 2.60GHz, 12 cores, 15G,  Windows 10 , 64 bit Build 19041 (10.0.19041.3636)
Time: Mon Jul  8 14:49:29 2024 Eastern Daylight Time elapsed time: 0.012742 seconds (0d 0h 0m 0s)

---------------  T H R E A D  ---------------

Current thread (0x00000227d37b5350):  JavaThread "Unknown thread" [_thread_in_vm, id=2896, stack(0x000000e64f400000,0x000000e64f500000)]

Stack: [0x000000e64f400000,0x000000e64f500000]
Native frames: (J=compiled Java code, j=interpreted, Vv=VM code, C=native code)
V  [jvm.dll+0x6ee21a]
V  [jvm.dll+0x85765e]
V  [jvm.dll+0x85904e]
V  [jvm.dll+0x859703]
V  [jvm.dll+0x28298f]
V  [jvm.dll+0x6eb009]
V  [jvm.dll+0x6dfbaa]
V  [jvm.dll+0x3573f6]
V  [jvm.dll+0x35ee56]
V  [jvm.dll+0x3b541e]
V  [jvm.dll+0x3b564f]
V  [jvm.dll+0x32c9ea]
V  [jvm.dll+0x32d89e]
V  [jvm.dll+0x821780]
V  [jvm.dll+0x3c2661]
V  [jvm.dll+0x801f51]
V  [jvm.dll+0x44ae8f]
V  [jvm.dll+0x44c811]
C  [jli.dll+0x5287]
C  [ucrtbase.dll+0x21bb2]
C  [KERNEL32.DLL+0x17344]
C  [ntdll.dll+0x4cc91]


---------------  P R O C E S S  ---------------

Threads class SMR info:
_java_thread_list=0x00007ffc6107d048, length=0, elements={
}

Java Threads: ( => current thread )

Other Threads:
  0x00000227d3826400 WorkerThread "GC Thread#0" [stack: 0x000000e64f500000,0x000000e64f600000] [id=33100]
  0x00000227d3837210 ConcurrentGCThread "G1 Main Marker" [stack: 0x000000e64f600000,0x000000e64f700000] [id=27120]
  0x00000227d38383e0 WorkerThread "G1 Conc#0" [stack: 0x000000e64f700000,0x000000e64f800000] [id=26312]

[error occurred during error reporting (printing all threads), id 0xc0000005, EXCEPTION_ACCESS_VIOLATION (0xc0000005) at pc=0x00007ffc6083d427]

VM state: not at safepoint (not fully initialized)

VM Mutex/Monitor currently owned by a thread:  ([mutex/lock_event])
[0x00000227d37b1270] Heap_lock - owner thread: 0x00000227d37b5350

Heap address: 0x0000000702e00000, size: 4050 MB, Compressed Oops mode: Zero based, Oop shift amount: 3

CDS archive(s) mapped at: [0x0000000000000000-0x0000000000000000-0x0000000000000000), size 0, SharedBaseAddress: 0x0000000800000000, ArchiveRelocationMode: 0.
Narrow klass base: 0x0000000000000000, Narrow klass shift: 0, Narrow klass range: 0x0

GC Precious Log:
 CardTable entry size: 512
 Card Set container configuration: InlinePtr #cards 4 size 8 Array Of Cards #cards 16 size 48 Howl #buckets 8 coarsen threshold 3686 Howl Bitmap #cards 512 size 80 coarsen threshold 460 Card regions per heap region 1 cards per card region 4096

Heap:
 garbage-first heap   total 0K, used 0K [0x0000000702e00000, 0x0000000800000000)
  region size 2048K, 0 young (0K), 0 survivors (0K)

[error occurred during error reporting (printing heap information), id 0xc0000005, EXCEPTION_ACCESS_VIOLATION (0xc0000005) at pc=0x00007ffc60c46649]

GC Heap History (0 events):
No events

Dll operation events (2 events):
Event: 0.008 Loaded shared library C:\Program Files\Java\openjdk-19.0.2\bin\java.dll
Event: 0.009 Loaded shared library C:\Program Files\Java\openjdk-19.0.2\bin\zip.dll

Deoptimization events (0 events):
No events

Classes loaded (0 events):
No events

Classes unloaded (0 events):
No events

Classes redefined (0 events):
No events

Internal exceptions (0 events):
No events

VM Operations (0 events):
No events

Events (0 events):
No events


Dynamic libraries:
0x00007ff6fa570000 - 0x00007ff6fa57e000 	C:\Program Files\Java\openjdk-19.0.2\bin\java.exe
0x00007ffcc9030000 - 0x00007ffcc9228000 	C:\WINDOWS\SYSTEM32\ntdll.dll
0x00007ffcc75e0000 - 0x00007ffcc769d000 	C:\WINDOWS\System32\KERNEL32.DLL
0x00007ffcc6c50000 - 0x00007ffcc6f46000 	C:\WINDOWS\System32\KERNELBASE.dll
0x00007ffcc68c0000 - 0x00007ffcc69c0000 	C:\WINDOWS\System32\ucrtbase.dll
0x00007ffcb45d0000 - 0x00007ffcb45e7000 	C:\Program Files\Java\openjdk-19.0.2\bin\jli.dll
0x00007ffcb3e60000 - 0x00007ffcb3e7b000 	C:\Program Files\Java\openjdk-19.0.2\bin\VCRUNTIME140.dll
0x00007ffcc8690000 - 0x00007ffcc882f000 	C:\WINDOWS\System32\USER32.dll
0x00007ffcc6a30000 - 0x00007ffcc6a52000 	C:\WINDOWS\System32\win32u.dll
0x00007ffcb6290000 - 0x00007ffcb652a000 	C:\WINDOWS\WinSxS\amd64_microsoft.windows.common-controls_6595b64144ccf1df_6.0.19041.4355_none_60b8b9eb71f62e16\COMCTL32.dll
0x00007ffcc8350000 - 0x00007ffcc837b000 	C:\WINDOWS\System32\GDI32.dll
0x00007ffcc8000000 - 0x00007ffcc809e000 	C:\WINDOWS\System32\msvcrt.dll
0x00007ffcc66f0000 - 0x00007ffcc6807000 	C:\WINDOWS\System32\gdi32full.dll
0x00007ffcc6fd0000 - 0x00007ffcc706d000 	C:\WINDOWS\System32\msvcp_win.dll
0x00007ffcc7fd0000 - 0x00007ffcc7fff000 	C:\WINDOWS\System32\IMM32.DLL
0x00007ffcbf070000 - 0x00007ffcbf07c000 	C:\Program Files\Java\openjdk-19.0.2\bin\vcruntime140_1.dll
0x00007ffc84400000 - 0x00007ffc8448e000 	C:\Program Files\Java\openjdk-19.0.2\bin\msvcp140.dll
0x00007ffc60500000 - 0x00007ffc611c0000 	C:\Program Files\Java\openjdk-19.0.2\bin\server\jvm.dll
0x00007ffcc8830000 - 0x00007ffcc88e0000 	C:\WINDOWS\System32\ADVAPI32.dll
0x00007ffcc84c0000 - 0x00007ffcc8560000 	C:\WINDOWS\System32\sechost.dll
0x00007ffcc76a0000 - 0x00007ffcc77c3000 	C:\WINDOWS\System32\RPCRT4.dll
0x00007ffcc6fa0000 - 0x00007ffcc6fc7000 	C:\WINDOWS\System32\bcrypt.dll
0x00007ffcb4470000 - 0x00007ffcb4497000 	C:\WINDOWS\SYSTEM32\WINMM.dll
0x00007ffcaf170000 - 0x00007ffcaf179000 	C:\WINDOWS\SYSTEM32\WSOCK32.dll
0x00007ffcbf650000 - 0x00007ffcbf65a000 	C:\WINDOWS\SYSTEM32\VERSION.dll
0x00007ffcc8620000 - 0x00007ffcc868b000 	C:\WINDOWS\System32\WS2_32.dll
0x00007ffcc4eb0000 - 0x00007ffcc4ec2000 	C:\WINDOWS\SYSTEM32\kernel.appcore.dll
0x00007ffcb4620000 - 0x00007ffcb462a000 	C:\Program Files\Java\openjdk-19.0.2\bin\jimage.dll
0x00007ffcc42d0000 - 0x00007ffcc44b4000 	C:\WINDOWS\SYSTEM32\DBGHELP.DLL
0x00007ffcb4eb0000 - 0x00007ffcb4ee4000 	C:\WINDOWS\SYSTEM32\dbgcore.DLL
0x00007ffcc6a60000 - 0x00007ffcc6ae2000 	C:\WINDOWS\System32\bcryptPrimitives.dll
0x00007ffcbf130000 - 0x00007ffcbf16c000 	C:\Program Files\Java\openjdk-19.0.2\bin\jdwp.dll
0x00007ffcbfd60000 - 0x00007ffcbfd6e000 	C:\Program Files\Java\openjdk-19.0.2\bin\instrument.dll
0x00007ffcb2fa0000 - 0x00007ffcb2fc6000 	C:\Program Files\Java\openjdk-19.0.2\bin\java.dll
0x00007ffc99680000 - 0x00007ffc99698000 	C:\Program Files\Java\openjdk-19.0.2\bin\zip.dll

dbghelp: loaded successfully - version: 4.0.5 - missing functions: none
symbol engine: initialized successfully - sym options: 0x614 - pdb path: .;C:\Program Files\Java\openjdk-19.0.2\bin;C:\WINDOWS\SYSTEM32;C:\WINDOWS\WinSxS\amd64_microsoft.windows.common-controls_6595b64144ccf1df_6.0.19041.4355_none_60b8b9eb71f62e16;C:\Program Files\Java\openjdk-19.0.2\bin\server

VM Arguments:
jvm_args: -agentlib:jdwp=transport=dt_socket,address=127.0.0.1:64110,suspend=y,server=n -javaagent:C:\Users\theal\AppData\Local\JetBrains\IntelliJIdea2022.3\captureAgent\debugger-agent.jar -Dfile.encoding=UTF-8 -Dsun.stdout.encoding=UTF-8 -Dsun.stderr.encoding=UTF-8 
java_command: com.finxis.cdm.crossproductapp.CdmTradingDemo
java_class_path (initial): D:\IdeaProjects\finos\cross-product-cdm-example\target\classes;C:\Users\theal\.m2\repository\org\finos\cdm\cdm-java\5.8.0\cdm-java-5.8.0.jar;C:\Users\theal\.m2\repository\com\regnosys\rosetta\com.regnosys.rosetta.lib\9.7.0\com.regnosys.rosetta.lib-9.7.0.jar;C:\Users\theal\.m2\repository\org\eclipse\xtend\org.eclipse.xtend.lib\2.27.0\org.eclipse.xtend.lib-2.27.0.jar;C:\Users\theal\.m2\repository\org\eclipse\xtext\org.eclipse.xtext.xbase.lib\2.27.0\org.eclipse.xtext.xbase.lib-2.27.0.jar;C:\Users\theal\.m2\repository\org\eclipse\xtend\org.eclipse.xtend.lib.macro\2.27.0\org.eclipse.xtend.lib.macro-2.27.0.jar;C:\Users\theal\.m2\repository\com\google\inject\guice\5.0.1\guice-5.0.1.jar;C:\Users\theal\.m2\repository\javax\inject\javax.inject\1\javax.inject-1.jar;C:\Users\theal\.m2\repository\aopalliance\aopalliance\1.0\aopalliance-1.0.jar;C:\Users\theal\.m2\repository\org\slf4j\log4j-over-slf4j\2.0.9\log4j-over-slf4j-2.0.9.jar;C:\Users\theal\.m2\repository\com\regnosys\rosetta-common\10.15.3\rosetta-common-10.15.3.jar;C:\Users\theal\.m2\repository\org\reflections\reflections\0.9.11\reflections-0.9.11.jar;C:\Users\theal\.m2\repository\org\javassist\javassist\3.21.0-GA\javassist-3.21.0-GA.jar;C:\Users\theal\.m2\repository\com\fasterxml\jackson\module\jackson-module-parameter-names\2.15.2\jackson-module-parameter-names-2.15.2.jar;C:\Users\theal\.m2\repository\com\fasterxml\jackson\module\jackson-module-blackbird\2.15.2\jackson-module-blackbird-2.15.2.jar;C:\Users\theal\.m2\repository\com\fasterxml\jackson\datatype\jackson-datatype-jdk8\2.15.2\jackson-datatype-jdk8-2.15.2.jar;C:\Users\theal\.m2\repository\com\fasterxml\jackson\datatype\jackson-datatype-jsr310\2.15.2\jackson-datatype-jsr310-2.15.2.jar;C:\Users\theal\.m2\repository\com\fasterxml\jackson\datatype\jackson-datatype-guava\2.15.2\jackson-datatype-guava-2.15.2.jar;C:\Users\theal\.m2\repository\com\fasterxml\jackson\datatype\jackson-datatype-joda\2.15.2\jackson-datatype-joda-2.15.2.jar;C:\Users\theal\.m2\repository\com\google\guava\guava\32.0.1-jre\guava-32.0.1-jre.jar;C:\Users\theal\.m2\repository\com\google\guava\failureaccess\1.0.1\failureaccess-1.0.1.jar;C:\Users\theal\.m2\repository\com\google\guava\listenablefuture\9999.0-empty-to-avoid-conflict-with-guava\listenablefuture-9999.0-empty-to-avoid-conflict-with-guava.jar;C:\Users\theal\.m2\repository\org\checkerframework\checker-qual\3.33.0\checker-qual-3.33.0.jar;C:\Users\theal\.m2\repository\com\google\errorprone\error_prone_annotations\2.18.0\error_prone_annotations-2.18.0.jar;C:\Users\theal\.m2\repository\com\google\j2objc\j2objc-annotations\2.8\j2objc-annotations-2.8.jar;C:\Users\theal\.m2\repository\org\slf4j\slf4j-api\2.0.7\slf4j-api-2.0.7.jar;C:\Users\theal\.m2\repository\com\opengamma\strata\strata-basics\1.7.0\strata-basics-1.7.0.jar;C:\Users\theal\.m2\repository\com\opengamma\strata\strata-collect\1.7.0\strata-collect-1.7.0.jar;C:\Users\theal\.m2\repository\org\joda\joda-beans\2.1\joda-beans-2.1.jar;C:\Users\theal\.m2\repository\org\joda\joda-convert\2.0\joda-convert-2.0.jar;C:\Users\theal\.m2\repository\org\jsoup\jsoup\1.15.3\jsoup-1.15.3.jar;C:\Users\theal\.m2\repository\com\regnosys\rosetta\com.regnosys.rosetta\9.7.0\com.regnosys.rosetta-9.7.0.jar;C:\Users\theal\.m2\repository\org\eclipse\emf\org.eclipse.emf.ecore\2.20.0\org.eclipse.emf.ecore-2.20.0.jar;C:\Users\theal\.m2\repository\org\eclipse\emf\org.eclipse.emf.common\2.30.0\org.eclipse.emf.common-2.30.0.jar;C:\Users\theal\.m2\repository\org\eclipse\xtext\org.eclipse.xtext\2.27.0\org.eclipse.xtext-2.27.0.jar;C:\Users\theal\.m2\repository\org\eclipse\xtext\org.eclipse.xtext.util\2.27.0\org.eclipse.xtext.util-2.27.0.jar;C:\Users\theal\.m2\repository\org\eclipse\platform\org.eclipse.equinox.common\3.13.0\org.eclipse.equinox.common-3.13.0.jar;C:\Users\theal\.m2\repository\org\eclipse\platform\org.eclipse.osgi\3.16.0\org.eclipse.osgi-3.16.0.jar;C:\Users\theal\.m2\repository\org\eclipse\emf\org.eclipse.emf.ecore.xmi\2.16.0\org.eclipse.emf.ecore.xmi-2.16.0.jar;C:\Users\theal\.m2\repository\org\antlr\antlr-runtime\3.2\antlr-runtime-3.2.jar;C:\Users\theal\.m2\repository\org\eclipse\xsemantics\org.eclipse.xsemantics.runtime\1.22.0\org.eclipse.xsemantics.runtime-1.22.0.jar;C:\Users\theal\.m2\repository\org\eclipse\emf\org.eclipse.emf.ecore.xcore.lib\1.6.0\org.eclipse.emf.ecore.xcore.lib-1.6.0.jar;C:\Users\theal\.m2\repository\jakarta\xml\bind\jakarta.xml.bind-api\4.0.0\jakarta.xml.bind-api-4.0.0.jar;C:\Users\theal\.m2\repository\jakarta\activation\jakarta.activation-api\2.1.0\jakarta.activation-api-2.1.0.jar;C:\Users\theal\.m2\repository\com\sun\xml\bind\jaxb-impl\4.0.0\jaxb-impl-4.0.0.jar;C:\Users\theal\.m2\repository\com\sun\xml\bind\jaxb-core\4.0.0\jaxb-core-4.0.0.jar;C:\Users\theal\.m2\repository\org\eclipse\angus\angus-activation\1.0.0\angus-activation-1.0.0.jar;C:\Users\theal\.m2\repository\org\jsonschema2pojo\jsonschema2pojo-core\1.2.1\jsonschema2pojo-core-1.2.1.jar;C:\Users\theal\.m2\repository\javax\json\bind\javax.json.bind-api\1.0\javax.json.bind-api-1.0.jar;C:\Users\theal\.m2\repository\jakarta\json\bind\jakarta.json.bind-api\2.0.0\jakarta.json.bind-api-2.0.0.jar;C:\Users\theal\.m2\repository\com\fasterxml\jackson\core\jackson-databind\2.14.2\jackson-databind-2.14.2.jar;C:\Users\theal\.m2\repository\com\fasterxml\jackson\dataformat\jackson-dataformat-yaml\2.14.2\jackson-dataformat-yaml-2.14.2.jar;C:\Users\theal\.m2\repository\org\yaml\snakeyaml\1.33\snakeyaml-1.33.jar;C:\Users\theal\.m2\repository\com\google\code\javaparser\javaparser\1.0.11\javaparser-1.0.11.jar;C:\Users\theal\.m2\repository\com\sun\codemodel\codemodel\2.6\codemodel-2.6.jar;C:\Users\theal\.m2\repository\com\google\code\gson\gson\2.10.1\gson-2.10.1.jar;C:\Users\theal\.m2\repository\com\google\code\findbugs\jsr305\3.0.2\jsr305-3.0.2.jar;C:\Users\theal\.m2\repository\commons-lang\commons-lang\2.6\commons-lang-2.6.jar;C:\Users\theal\.m2\repository\commons-io\commons-io\2.11.0\commons-io-2.11.0.jar;C:\Users\theal\.m2\repository\javax\validation\validation-api\2.0.1.Final\validation-api-2.0.1.Final.jar;C:\Users\theal\.m2\repository\jakarta\validation\jakarta.validation-api\3.0.2\jakarta.validation-api-3.0.2.jar;C:\Users\theal\.m2\repository\joda-time\joda-time\2.12.2\joda-time-2.12.2.jar;C:\Users\theal\.m2\repository\org\apache\commons\commons-lang3\3.12.0\commons-lang3-3.12.0.jar;C:\Users\theal\.m2\repository\com\google\code\findbugs\annotations\1.3.9\annotations-1.3.9.jar;C:\Users\theal\.m2\repository\javax\annotation\javax.annotation-api\1.3.2\javax.annotation-api-1.3.2.jar;C:\Users\theal\.m2\repository\com\fasterxml\jackson\dataformat\jackson-dataformat-xml\2.17.1\jackson-dataformat-xml-2.17.1.jar;C:\Users\theal\.m2\repository\com\fasterxml\jackson\core\jackson-core\2.17.1\jackson-core-2.17.1.jar;C:\Users\theal\.m2\repository\com\fasterxml\jackson\core\jackson-annotations\2.17.1\jackson-annotations-2.17.1.jar;C:\Users\theal\.m2\repository\org\codehaus\woodstox\stax2-api\4.2.2\stax2-api-4.2.2.jar;C:\Users\theal\.m2\repository\com\fasterxml\woodstox\woodstox-core\6.6.2\woodstox-core-6.6.2.jar;C:\Users\theal\.m2\repository\com\fasterxml\jackson\dataformat\jackson-dataformat-csv\2.17.1\jackson-dataformat-csv-2.17.1.jar;C:\Users\theal\.m2\repository\com\opencsv\opencsv\5.9\opencsv-5.9.jar;C:\Users\theal\.m2\repository\org\apache\commons\commons-text\1.11.0\commons-text-1.11.0.jar;C:\Users\theal\.m2\repository\commons-beanutils\commons-beanutils\1.9.4\commons-beanutils-1.9.4.jar;C:\Users\theal\.m2\repository\commons-logging\commons-logging\1.2\commons-logging-1.2.jar;C:\Users\theal\.m2\repository\commons-collections\commons-collections\3.2.2\commons-collections-3.2.2.jar;C:\Users\theal\.m2\repository\org\apache\commons\commons-collections4\4.4\commons-collections4-4.4.jar;C:\Users\theal\.m2\repository\org\json\json\20240303\json-20240303.jar;C:\Program Files\JetBrains\IntelliJ IDEA 2022.3.1\lib\idea_rt.jar
Launcher Type: SUN_STANDARD

[Global flags]
     intx CICompilerCount                          = 4                                         {product} {ergonomic}
     uint ConcGCThreads                            = 3                                         {product} {ergonomic}
     uint G1ConcRefinementThreads                  = 10                                        {product} {ergonomic}
   size_t G1HeapRegionSize                         = 2097152                                   {product} {ergonomic}
    uintx GCDrainStackTargetSize                   = 64                                        {product} {ergonomic}
   size_t InitialHeapSize                          = 266338304                                 {product} {ergonomic}
   size_t MarkStackSize                            = 4194304                                   {product} {ergonomic}
   size_t MaxHeapSize                              = 4246732800                                {product} {ergonomic}
   size_t MinHeapDeltaBytes                        = 2097152                                   {product} {ergonomic}
   size_t MinHeapSize                              = 8388608                                   {product} {ergonomic}
    uintx NonNMethodCodeHeapSize                   = 5839372                                {pd product} {ergonomic}
    uintx NonProfiledCodeHeapSize                  = 122909434                              {pd product} {ergonomic}
    uintx ProfiledCodeHeapSize                     = 122909434                              {pd product} {ergonomic}
    uintx ReservedCodeCacheSize                    = 251658240                              {pd product} {ergonomic}
     bool SegmentedCodeCache                       = true                                      {product} {ergonomic}
   size_t SoftMaxHeapSize                          = 4246732800                             {manageable} {ergonomic}
     bool UseCompressedClassPointers               = true                           {product lp64_product} {ergonomic}
     bool UseCompressedOops                        = true                           {product lp64_product} {ergonomic}
     bool UseG1GC                                  = true                                      {product} {ergonomic}
     bool UseLargePagesIndividualAllocation        = false                                  {pd product} {ergonomic}

Logging:
Log output configuration:
 #0: stdout all=warning uptime,level,tags foldmultilines=false
 #1: stderr all=off uptime,level,tags foldmultilines=false

Environment Variables:
JAVA_HOME=C:\Program Files\Java\jdk-17.0.4.1
PATH=C:\Python39\Scripts\;C:\Python39\;C:\Windows\system32;C:\Windows;C:\Windows\System32\Wbem;C:\Windows\System32\WindowsPowerShell\v1.0\;C:\Program Files\Java\jdk-17.0.4.1\bin;C:\Windows\System32\OpenSSH\;C:\Program Files (x86)\NVIDIA Corporation\PhysX\Common;C:\Program Files\NVIDIA Corporation\NVIDIA NvDLISR;C:\WINDOWS\system32;C:\WINDOWS;C:\WINDOWS\System32\Wbem;C:\WINDOWS\System32\WindowsPowerShell\v1.0\;C:\WINDOWS\System32\OpenSSH\;C:\Program Files\Microsoft SQL Server\130\Tools\Binn\;C:\php;C:\ProgramData\chocolatey\bin;C:\maven\apache-maven-3.9.6\bin;C:\jinx\jinx-2.3.1;C:\Program Files\dotnet\;C:\Program Files\Microsoft SQL Server\Client SDK\ODBC\170\Tools\Binn\;c:\Program Files (x86)\Microsoft Visual Studio\2019\Community\Common7\IDE;C:\Users\theal\AppData\Local\Coursier\data\bin;D:\Program Files\PuTTY\;D:\Program Files\Geth\;C:\ProgramData\ComposerSetup\bin;C:\Program Files\Git\cmd;c:\Program Files (x86)\Microsoft SDKs\Windows\v10.0A\bin\NETFX 4.8 Tools\x64;C:\Gradle\gradle-8.4\bin;C:\Program Files\nodejs\;C:\Program Files\Docker\Docker\resources\bin;C:\ApacheAnt\apache-ant-1.10.14\bin;C:\Program Files\Java\jdk-17.0.4.1\bin;C:\Program Files\Git\bin;C:\Users\theal\AppData\Local\Microsoft\WindowsApps;C:\Users\theal\.dotnet\tools;C:\Users\theal\AppData\Local\GitHubDesktop\bin;C:\Users\theal\AppData\Local\Coursier\data\bin;D:\Program Files\Geth;C:\Users\theal\AppData\Roaming\Composer\vendor\bin;C:\Program Files\JetBrains\IntelliJ IDEA 2022.3.1\bin;;C:\ApacheTomCat10;;C:\Users\theal\AppData\Local\Programs\Microsoft VS Code\bin;C:\Users\theal\AppData\Roaming\npm
USERNAME=theal
OS=Windows_NT
PROCESSOR_IDENTIFIER=Intel64 Family 6 Model 158 Stepping 10, GenuineIntel
TMP=C:\Users\theal\AppData\Local\Temp
TEMP=C:\Users\theal\AppData\Local\Temp



---------------  S Y S T E M  ---------------

OS:
 Windows 10 , 64 bit Build 19041 (10.0.19041.3636)
OS uptime: 7 days 1:13 hours
Hyper-V role detected

CPU: total 12 (initial active 12) (6 cores per cpu, 2 threads per core) family 6 model 158 stepping 10 microcode 0xde, cx8, cmov, fxsr, ht, mmx, 3dnowpref, sse, sse2, sse3, ssse3, sse4.1, sse4.2, popcnt, lzcnt, tsc, tscinvbit, avx, avx2, aes, erms, clmul, bmi1, bmi2, adx, fma, vzeroupper, clflush, clflushopt, hv, rdtscp

Memory: 4k page, system-wide physical 16193M (2772M free)
TotalPageFile size 21706M (AvailPageFile size 138M)
current process WorkingSet (physical memory assigned to process): 11M, peak: 11M
current process commit charge ("private bytes"): 64M, peak: 318M

vm_info: OpenJDK 64-Bit Server VM (19.0.2+7-44) for windows-amd64 JRE (19.0.2+7-44), built on 2022-11-30T18:02:09Z by "mach5one" with MS VC++ 17.1 (VS2022)

END.
